<?xml version="1.0" encoding="UTF-8"?>
<!-- Generated by org.testng.reporters.JUnitXMLReporter -->
<testsuite ignored="0" hostname="HP15S" failures="0" tests="4" name="Class_Test" time="45.576" errors="0" timestamp="2022-07-22T09:29:40 IST">
  <testcase classname="TestNG.Test_3" name="m2" time="3.223"/>
  <testcase classname="TestNG.Test_2" name="m2" time="3.072"/>
  <testcase classname="TestNG.Test_2" name="m3" time="3.085"/>
  <testcase classname="TestNG.Test_1" name="m2" time="3.183"/>
</testsuite> <!-- Class_Test -->
