<?xml version="1.0" encoding="UTF-8"?>
<testng-results ignored="0" total="1" passed="1" failed="0" skipped="0">
  <reporter-output>
  </reporter-output>
  <suite started-at="2022-07-31T13:06:38 IST" name="Default suite" finished-at="2022-07-31T13:06:51 IST" duration-ms="13202">
    <groups>
    </groups>
    <test started-at="2022-07-31T13:06:38 IST" name="Default test" finished-at="2022-07-31T13:06:51 IST" duration-ms="13202">
      <class name="Demo_Test.Test_SignUP">
        <test-method signature="test_2()[pri:0, instance:Demo_Test.Test_SignUP@48e4374]" started-at="2022-07-31T13:06:38 IST" name="test_2" finished-at="2022-07-31T13:06:51 IST" duration-ms="13163" status="PASS">
          <reporter-output>
          </reporter-output>
        </test-method> <!-- test_2 -->
      </class> <!-- Demo_Test.Test_SignUP -->
    </test> <!-- Default test -->
  </suite> <!-- Default suite -->
</testng-results>
